<?xml version="1.0" encoding="UTF-8"?>
<testng-results ignored="0" total="1" passed="1" failed="0" skipped="0">
  <reporter-output>
  </reporter-output>
  <suite started-at="2023-07-18T22:52:44 IST" name="Default suite" finished-at="2023-07-18T22:55:07 IST" duration-ms="142067">
    <groups>
      <group name="cucumber">
        <method signature="AbstractTestNGCucumberTests.runScenario(io.cucumber.testng.PickleWrapper,io.cucumber.testng.FeatureWrapper)[pri:0, instance:testNGTestRunner.TestRunner@707194ba]" name="runScenario" class="io.cucumber.testng.AbstractTestNGCucumberTests"/>
      </group> <!-- cucumber -->
    </groups>
    <test started-at="2023-07-18T22:52:44 IST" name="Default test" finished-at="2023-07-18T22:55:07 IST" duration-ms="142067">
      <class name="testNGTestRunner.TestRunner">
        <test-method is-config="true" signature="setUpClass(org.testng.ITestContext)[pri:0, instance:testNGTestRunner.TestRunner@707194ba]" started-at="2023-07-18T22:52:45 IST" name="setUpClass" finished-at="2023-07-18T22:52:46 IST" duration-ms="1453" status="PASS">
          <params>
            <param index="0">
              <value>
                <![CDATA[org.testng.TestRunner@5ca4dce5]]>
              </value>
            </param>
          </params>
          <reporter-output>
          </reporter-output>
        </test-method> <!-- setUpClass -->
        <test-method signature="runScenario(io.cucumber.testng.PickleWrapper,io.cucumber.testng.FeatureWrapper)[pri:0, instance:testNGTestRunner.TestRunner@707194ba]" started-at="2023-07-18T22:52:46 IST" name="runScenario" description="Runs Cucumber Scenarios" data-provider="scenarios" finished-at="2023-07-18T22:55:07 IST" duration-ms="140486" status="PASS">
          <params>
            <param index="0">
              <value>
                <![CDATA["Join us form validation"]]>
              </value>
            </param>
            <param index="1">
              <value>
                <![CDATA["Jobcode page validation"]]>
              </value>
            </param>
          </params>
          <reporter-output>
          </reporter-output>
        </test-method> <!-- runScenario -->
        <test-method is-config="true" signature="tearDownClass()[pri:0, instance:testNGTestRunner.TestRunner@707194ba]" started-at="2023-07-18T22:55:07 IST" name="tearDownClass" finished-at="2023-07-18T22:55:07 IST" duration-ms="19" status="PASS">
          <reporter-output>
          </reporter-output>
        </test-method> <!-- tearDownClass -->
      </class> <!-- testNGTestRunner.TestRunner -->
    </test> <!-- Default test -->
  </suite> <!-- Default suite -->
</testng-results>
